<?xml version="1.0" encoding="UTF-8"?>
<testng-results ignored="0" total="1" passed="1" failed="0" skipped="0">
  <reporter-output>
  </reporter-output>
  <suite started-at="2021-11-15T14:15:33 IST" name="Default suite" finished-at="2021-11-15T14:15:45 IST" duration-ms="11973">
    <groups>
    </groups>
    <test started-at="2021-11-15T14:15:33 IST" name="Default test" finished-at="2021-11-15T14:15:45 IST" duration-ms="11973">
      <class name="mproj.mproj.loginpage">
        <test-method signature="clickonlogin()[pri:0, instance:mproj.mproj.loginpage@6404f418]" started-at="2021-11-15T14:15:33 IST" name="clickonlogin" finished-at="2021-11-15T14:15:45 IST" duration-ms="11916" status="PASS">
          <reporter-output>
          </reporter-output>
        </test-method> <!-- clickonlogin -->
      </class> <!-- mproj.mproj.loginpage -->
    </test> <!-- Default test -->
  </suite> <!-- Default suite -->
</testng-results>
